<?xml version="1.0" encoding="UTF-8"?>
<testng-results skipped="0" failed="0" ignored="0" total="1" passed="1">
  <reporter-output>
  </reporter-output>
  <suite name="Default suite" duration-ms="63" started-at="2022-05-20T15:40:10 IST" finished-at="2022-05-20T15:40:10 IST">
    <groups>
    </groups>
    <test name="Default test" duration-ms="63" started-at="2022-05-20T15:40:10 IST" finished-at="2022-05-20T15:40:10 IST">
      <class name="TestNG.test1">
        <test-method status="PASS" signature="test()[pri:0, instance:TestNG.test1@2833cc44]" name="test" duration-ms="10" started-at="2022-05-20T15:40:10 IST" finished-at="2022-05-20T15:40:10 IST">
          <reporter-output>
          </reporter-output>
        </test-method> <!-- test -->
      </class> <!-- TestNG.test1 -->
    </test> <!-- Default test -->
  </suite> <!-- Default suite -->
</testng-results>
